app/build/intermediates/manifest_merge_blame_file/debug/manifest-merger-blame-debug-report.txt
1<?xml version="1.0" encoding="utf-8"?>
2<manifest xmlns:android="http://schemas.android.com/apk/res/android"
3    package="com.tfd.tfd_asistencias"
4    android:versionCode="1"
5    android:versionName="1.0" >
6
7    <uses-sdk
8        android:minSdkVersion="26"
8-->src\main\AndroidManifest.xml
9        android:targetSdkVersion="31" />
9-->src\main\AndroidManifest.xml
10
11    <uses-permission android:name="android.permission.USE_BIOMETRIC" /> <!-- suppress DeprecatedClassUsageInspection -->
11-->[androidx.biometric:biometric:1.2.0-alpha03] AndroidManifest.xml:24:5-72
11-->[androidx.biometric:biometric:1.2.0-alpha03] AndroidManifest.xml:24:22-69
12    <uses-permission android:name="android.permission.USE_FINGERPRINT" />
12-->[androidx.biometric:biometric:1.2.0-alpha03] AndroidManifest.xml:27:5-74
12-->[androidx.biometric:biometric:1.2.0-alpha03] AndroidManifest.xml:27:22-71
13
14    <application
14-->src\main\AndroidManifest.xml:5:5-23:19
15        android:allowBackup="true"
15-->src\main\AndroidManifest.xml:6:9-35
16        android:appComponentFactory="androidx.core.app.CoreComponentFactory"
16-->[androidx.core:core:1.6.0] AndroidManifest.xml:24:18-86
17        android:debuggable="true"
18        android:extractNativeLibs="false"
19        android:icon="@mipmap/ic_launcher"
19-->src\main\AndroidManifest.xml:7:9-43
20        android:label="@string/app_name"
20-->src\main\AndroidManifest.xml:8:9-41
21        android:roundIcon="@mipmap/ic_launcher_round"
21-->src\main\AndroidManifest.xml:9:9-54
22        android:supportsRtl="true"
22-->src\main\AndroidManifest.xml:10:9-35
23        android:testOnly="true"
24        android:theme="@style/Theme.TFD_Asistencias" >
24-->src\main\AndroidManifest.xml:11:9-53
25        <activity
25-->src\main\AndroidManifest.xml:12:9-22:20
26            android:name="com.tfd.tfd_asistencias.MainActivity"
26-->src\main\AndroidManifest.xml:13:13-41
27            android:exported="true"
27-->src\main\AndroidManifest.xml:14:13-36
28            android:label="@string/app_name"
28-->src\main\AndroidManifest.xml:15:13-45
29            android:theme="@style/Theme.TFD_Asistencias.NoActionBar" >
29-->src\main\AndroidManifest.xml:16:13-69
30            <intent-filter>
30-->src\main\AndroidManifest.xml:17:13-21:29
31                <action android:name="android.intent.action.MAIN" />
31-->src\main\AndroidManifest.xml:18:17-69
31-->src\main\AndroidManifest.xml:18:25-66
32
33                <category android:name="android.intent.category.LAUNCHER" />
33-->src\main\AndroidManifest.xml:20:17-77
33-->src\main\AndroidManifest.xml:20:27-74
34            </intent-filter>
35        </activity>
36    </application>
37
38</manifest>